# JRE version: OpenJDK Runtime Environment Temurin-17.0.5+8 (17.0.5+8) (build 17.0.5+8)
# Java VM: OpenJDK 64-Bit Server VM Temurin-17.0.5+8 (17.0.5+8, mixed mode, tiered, compressed oops, compressed class ptrs, parallel gc, windows-amd64)
GC Precious Log:
 CPUs: 8 total, 8 available
 Memory: 8022M
 Large Page Support: Disabled
 NUMA Support: Disabled
 Compressed Oops: Enabled (32-bit)
 Alignments: Space 512K, Generation 512K, Heap 2M
 Heap Min Capacity: 100M
 Heap Initial Capacity: 100M
 Heap Max Capacity: 1G
 Pre-touch: Disabled
 Parallel Workers: 8
Heap:
 PSYoungGen      total 6144K, used 5571K [0x00000000eab00000, 0x00000000eb580000, 0x0000000100000000)
  eden space 5632K, 89% used [0x00000000eab00000,0x00000000eaff0c58,0x00000000eb080000)
  from space 512K, 100% used [0x00000000eb500000,0x00000000eb580000,0x00000000eb580000)
  to   space 512K, 0% used [0x00000000eb480000,0x00000000eb480000,0x00000000eb500000)
 ParOldGen       total 125952K, used 110295K [0x00000000c0000000, 0x00000000c7b00000, 0x00000000eab00000)
  object space 125952K, 87% used [0x00000000c0000000,0x00000000c6bb5fc8,0x00000000c7b00000)
 Metaspace       used 61933K, committed 62912K, reserved 1105920K
  class space    used 6548K, committed 6976K, reserved 1048576K
GC Heap History (20 events):
Event: 11.725 GC heap before
{Heap before GC invocations=68 (full 3):
 PSYoungGen      total 6144K, used 5759K [0x00000000eab00000, 0x00000000eb380000, 0x0000000100000000)
  eden space 5120K, 99% used [0x00000000eab00000,0x00000000eafffc18,0x00000000eb000000)
  from space 1024K, 62% used [0x00000000eb280000,0x00000000eb320000,0x00000000eb380000)
  to   space 1536K, 0% used [0x00000000eb080000,0x00000000eb080000,0x00000000eb200000)
 ParOldGen       total 68608K, used 66957K [0x00000000c0000000, 0x00000000c4300000, 0x00000000eab00000)
  object space 68608K, 97% used [0x00000000c0000000,0x00000000c4163600,0x00000000c4300000)
 Metaspace       used 61611K, committed 62592K, reserved 1105920K
  class space    used 6510K, committed 6912K, reserved 1048576K
}
Event: 11.726 GC heap after
{Heap after GC invocations=68 (full 3):
 PSYoungGen      total 6656K, used 592K [0x00000000eab00000, 0x00000000eb300000, 0x0000000100000000)
  eden space 5120K, 0% used [0x00000000eab00000,0x00000000eab00000,0x00000000eb000000)
  from space 1536K, 38% used [0x00000000eb080000,0x00000000eb114010,0x00000000eb200000)
  to   space 1024K, 0% used [0x00000000eb200000,0x00000000eb200000,0x00000000eb300000)
 ParOldGen       total 68608K, used 67477K [0x00000000c0000000, 0x00000000c4300000, 0x00000000eab00000)
  object space 68608K, 98% used [0x00000000c0000000,0x00000000c41e5600,0x00000000c4300000)
 Metaspace       used 61611K, committed 62592K, reserved 1105920K
  class space    used 6510K, committed 6912K, reserved 1048576K
}
Event: 11.746 GC heap before
{Heap before GC invocations=69 (full 3):
 PSYoungGen      total 6656K, used 5712K [0x00000000eab00000, 0x00000000eb300000, 0x0000000100000000)
  eden space 5120K, 100% used [0x00000000eab00000,0x00000000eb000000,0x00000000eb000000)
  from space 1536K, 38% used [0x00000000eb080000,0x00000000eb114010,0x00000000eb200000)
  to   space 1024K, 0% used [0x00000000eb200000,0x00000000eb200000,0x00000000eb300000)
 ParOldGen       total 68608K, used 67477K [0x00000000c0000000, 0x00000000c4300000, 0x00000000eab00000)
  object space 68608K, 98% used [0x00000000c0000000,0x00000000c41e5600,0x00000000c4300000)
 Metaspace       used 61612K, committed 62592K, reserved 1105920K
  class space    used 6510K, committed 6912K, reserved 1048576K
}
Event: 11.748 GC heap after
{Heap after GC invocations=69 (full 3):
 PSYoungGen      total 6144K, used 576K [0x00000000eab00000, 0x00000000eb300000, 0x0000000100000000)
  eden space 5120K, 0% used [0x00000000eab00000,0x00000000eab00000,0x00000000eb000000)
  from space 1024K, 56% used [0x00000000eb200000,0x00000000eb290000,0x00000000eb300000)
  to   space 1024K, 0% used [0x00000000eb100000,0x00000000eb100000,0x00000000eb200000)
 ParOldGen       total 68608K, used 68026K [0x00000000c0000000, 0x00000000c4300000, 0x00000000eab00000)
  object space 68608K, 99% used [0x00000000c0000000,0x00000000c426e820,0x00000000c4300000)
 Metaspace       used 61612K, committed 62592K, reserved 1105920K
  class space    used 6510K, committed 6912K, reserved 1048576K
}
Event: 11.766 GC heap before
{Heap before GC invocations=70 (full 3):
 PSYoungGen      total 6144K, used 5696K [0x00000000eab00000, 0x00000000eb300000, 0x0000000100000000)
  eden space 5120K, 100% used [0x00000000eab00000,0x00000000eb000000,0x00000000eb000000)
  from space 1024K, 56% used [0x00000000eb200000,0x00000000eb290000,0x00000000eb300000)
  to   space 1024K, 0% used [0x00000000eb100000,0x00000000eb100000,0x00000000eb200000)
 ParOldGen       total 68608K, used 68026K [0x00000000c0000000, 0x00000000c4300000, 0x00000000eab00000)
  object space 68608K, 99% used [0x00000000c0000000,0x00000000c426e820,0x00000000c4300000)
 Metaspace       used 61653K, committed 62656K, reserved 1105920K
  class space    used 6512K, committed 6976K, reserved 1048576K
}
Event: 11.768 GC heap after
{Heap after GC invocations=70 (full 3):
 PSYoungGen      total 6144K, used 855K [0x00000000eab00000, 0x00000000eb280000, 0x0000000100000000)
  eden space 5120K, 0% used [0x00000000eab00000,0x00000000eab00000,0x00000000eb000000)
  from space 1024K, 83% used [0x00000000eb100000,0x00000000eb1d5e28,0x00000000eb200000)
  to   space 512K, 0% used [0x00000000eb200000,0x00000000eb200000,0x00000000eb280000)
 ParOldGen       total 68608K, used 68522K [0x00000000c0000000, 0x00000000c4300000, 0x00000000eab00000)
  object space 68608K, 99% used [0x00000000c0000000,0x00000000c42ea820,0x00000000c4300000)
 Metaspace       used 61653K, committed 62656K, reserved 1105920K
  class space    used 6512K, committed 6976K, reserved 1048576K
}
Event: 11.768 GC heap before
{Heap before GC invocations=71 (full 4):
 PSYoungGen      total 6144K, used 855K [0x00000000eab00000, 0x00000000eb280000, 0x0000000100000000)
  eden space 5120K, 0% used [0x00000000eab00000,0x00000000eab00000,0x00000000eb000000)
  from space 1024K, 83% used [0x00000000eb100000,0x00000000eb1d5e28,0x00000000eb200000)
  to   space 512K, 0% used [0x00000000eb200000,0x00000000eb200000,0x00000000eb280000)
 ParOldGen       total 68608K, used 68522K [0x00000000c0000000, 0x00000000c4300000, 0x00000000eab00000)
  object space 68608K, 99% used [0x00000000c0000000,0x00000000c42ea820,0x00000000c4300000)
 Metaspace       used 61653K, committed 62656K, reserved 1105920K
  class space    used 6512K, committed 6976K, reserved 1048576K
}
Event: 11.810 GC heap after
{Heap after GC invocations=71 (full 4):
 PSYoungGen      total 5632K, used 0K [0x00000000eab00000, 0x00000000eb280000, 0x0000000100000000)
  eden space 5120K, 0% used [0x00000000eab00000,0x00000000eab00000,0x00000000eb000000)
  from space 512K, 0% used [0x00000000eb200000,0x00000000eb200000,0x00000000eb280000)
  to   space 1024K, 0% used [0x00000000eb080000,0x00000000eb080000,0x00000000eb180000)
 ParOldGen       total 85504K, used 60116K [0x00000000c0000000, 0x00000000c5380000, 0x00000000eab00000)
  object space 85504K, 70% used [0x00000000c0000000,0x00000000c3ab51f8,0x00000000c5380000)
 Metaspace       used 61653K, committed 62656K, reserved 1105920K
  class space    used 6512K, committed 6976K, reserved 1048576K
}
Event: 11.824 GC heap before
{Heap before GC invocations=72 (full 4):
 PSYoungGen      total 5632K, used 5117K [0x00000000eab00000, 0x00000000eb280000, 0x0000000100000000)
  eden space 5120K, 99% used [0x00000000eab00000,0x00000000eafff7f8,0x00000000eb000000)
  from space 512K, 0% used [0x00000000eb200000,0x00000000eb200000,0x00000000eb280000)
  to   space 1024K, 0% used [0x00000000eb080000,0x00000000eb080000,0x00000000eb180000)
 ParOldGen       total 85504K, used 60116K [0x00000000c0000000, 0x00000000c5380000, 0x00000000eab00000)
  object space 85504K, 70% used [0x00000000c0000000,0x00000000c3ab51f8,0x00000000c5380000)
 Metaspace       used 61765K, committed 62720K, reserved 1105920K
  class space    used 6526K, committed 6976K, reserved 1048576K
}
Event: 11.826 GC heap after
{Heap after GC invocations=72 (full 4):
 PSYoungGen      total 6144K, used 1005K [0x00000000eab00000, 0x00000000ebc00000, 0x0000000100000000)
  eden space 5120K, 0% used [0x00000000eab00000,0x00000000eab00000,0x00000000eb000000)
  from space 1024K, 98% used [0x00000000eb080000,0x00000000eb17b650,0x00000000eb180000)
  to   space 6144K, 0% used [0x00000000eb600000,0x00000000eb600000,0x00000000ebc00000)
 ParOldGen       total 85504K, used 64242K [0x00000000c0000000, 0x00000000c5380000, 0x00000000eab00000)
  object space 85504K, 75% used [0x00000000c0000000,0x00000000c3ebc828,0x00000000c5380000)
 Metaspace       used 61765K, committed 62720K, reserved 1105920K
  class space    used 6526K, committed 6976K, reserved 1048576K
}
Event: 11.834 GC heap before
{Heap before GC invocations=73 (full 4):
 PSYoungGen      total 6144K, used 6125K [0x00000000eab00000, 0x00000000ebc00000, 0x0000000100000000)
  eden space 5120K, 100% used [0x00000000eab00000,0x00000000eb000000,0x00000000eb000000)
  from space 1024K, 98% used [0x00000000eb080000,0x00000000eb17b650,0x00000000eb180000)
  to   space 6144K, 0% used [0x00000000eb600000,0x00000000eb600000,0x00000000ebc00000)
 ParOldGen       total 85504K, used 64242K [0x00000000c0000000, 0x00000000c5380000, 0x00000000eab00000)
  object space 85504K, 75% used [0x00000000c0000000,0x00000000c3ebc828,0x00000000c5380000)
 Metaspace       used 61798K, committed 62848K, reserved 1105920K
  class space    used 6534K, committed 6976K, reserved 1048576K
}
Event: 11.835 GC heap after
{Heap after GC invocations=73 (full 4):
 PSYoungGen      total 7168K, used 1609K [0x00000000eab00000, 0x00000000eb800000, 0x0000000100000000)
  eden space 5120K, 0% used [0x00000000eab00000,0x00000000eab00000,0x00000000eb000000)
  from space 2048K, 78% used [0x00000000eb600000,0x00000000eb792780,0x00000000eb800000)
  to   space 3072K, 0% used [0x00000000eb200000,0x00000000eb200000,0x00000000eb500000)
 ParOldGen       total 85504K, used 65197K [0x00000000c0000000, 0x00000000c5380000, 0x00000000eab00000)
  object space 85504K, 76% used [0x00000000c0000000,0x00000000c3fab6f0,0x00000000c5380000)
 Metaspace       used 61798K, committed 62848K, reserved 1105920K
  class space    used 6534K, committed 6976K, reserved 1048576K
}
Event: 11.859 GC heap before
{Heap before GC invocations=74 (full 4):
 PSYoungGen      total 7168K, used 6729K [0x00000000eab00000, 0x00000000eb800000, 0x0000000100000000)
  eden space 5120K, 100% used [0x00000000eab00000,0x00000000eb000000,0x00000000eb000000)
  from space 2048K, 78% used [0x00000000eb600000,0x00000000eb792780,0x00000000eb800000)
  to   space 3072K, 0% used [0x00000000eb200000,0x00000000eb200000,0x00000000eb500000)
 ParOldGen       total 85504K, used 65197K [0x00000000c0000000, 0x00000000c5380000, 0x00000000eab00000)
  object space 85504K, 76% used [0x00000000c0000000,0x00000000c3fab6f0,0x00000000c5380000)
 Metaspace       used 61860K, committed 62912K, reserved 1105920K
  class space    used 6544K, committed 6976K, reserved 1048576K
}
Event: 11.861 GC heap after
{Heap after GC invocations=74 (full 4):
 PSYoungGen      total 8192K, used 897K [0x00000000eab00000, 0x00000000eb680000, 0x0000000100000000)
  eden space 5120K, 0% used [0x00000000eab00000,0x00000000eab00000,0x00000000eb000000)
  from space 3072K, 29% used [0x00000000eb200000,0x00000000eb2e06b8,0x00000000eb500000)
  to   space 1536K, 0% used [0x00000000eb500000,0x00000000eb500000,0x00000000eb680000)
 ParOldGen       total 85504K, used 66615K [0x00000000c0000000, 0x00000000c5380000, 0x00000000eab00000)
  object space 85504K, 77% used [0x00000000c0000000,0x00000000c410de70,0x00000000c5380000)
 Metaspace       used 61860K, committed 62912K, reserved 1105920K
  class space    used 6544K, committed 6976K, reserved 1048576K
}
Event: 11.892 GC heap before
{Heap before GC invocations=75 (full 4):
 PSYoungGen      total 8192K, used 5758K [0x00000000eab00000, 0x00000000eb680000, 0x0000000100000000)
  eden space 5120K, 94% used [0x00000000eab00000,0x00000000eafbf1c8,0x00000000eb000000)
  from space 3072K, 29% used [0x00000000eb200000,0x00000000eb2e06b8,0x00000000eb500000)
  to   space 1536K, 0% used [0x00000000eb500000,0x00000000eb500000,0x00000000eb680000)
 ParOldGen       total 85504K, used 66615K [0x00000000c0000000, 0x00000000c5380000, 0x00000000eab00000)
  object space 85504K, 77% used [0x00000000c0000000,0x00000000c410de70,0x00000000c5380000)
 Metaspace       used 61912K, committed 62912K, reserved 1105920K
  class space    used 6546K, committed 6976K, reserved 1048576K
}
Event: 11.893 GC heap after
{Heap after GC invocations=75 (full 4):
 PSYoungGen      total 6144K, used 704K [0x00000000eab00000, 0x00000000eb600000, 0x0000000100000000)
  eden space 5120K, 0% used [0x00000000eab00000,0x00000000eab00000,0x00000000eb000000)
  from space 1024K, 68% used [0x00000000eb500000,0x00000000eb5b0000,0x00000000eb600000)
  to   space 1024K, 0% used [0x00000000eb400000,0x00000000eb400000,0x00000000eb500000)
 ParOldGen       total 85504K, used 67164K [0x00000000c0000000, 0x00000000c5380000, 0x00000000eab00000)
  object space 85504K, 78% used [0x00000000c0000000,0x00000000c4197090,0x00000000c5380000)
 Metaspace       used 61912K, committed 62912K, reserved 1105920K
  class space    used 6546K, committed 6976K, reserved 1048576K
}
Event: 11.902 GC heap before
{Heap before GC invocations=76 (full 4):
 PSYoungGen      total 6144K, used 5320K [0x00000000eab00000, 0x00000000eb600000, 0x0000000100000000)
  eden space 5120K, 90% used [0x00000000eab00000,0x00000000eaf82280,0x00000000eb000000)
  from space 1024K, 68% used [0x00000000eb500000,0x00000000eb5b0000,0x00000000eb600000)
  to   space 1024K, 0% used [0x00000000eb400000,0x00000000eb400000,0x00000000eb500000)
 ParOldGen       total 85504K, used 67164K [0x00000000c0000000, 0x00000000c5380000, 0x00000000eab00000)
  object space 85504K, 78% used [0x00000000c0000000,0x00000000c4197090,0x00000000c5380000)
 Metaspace       used 61917K, committed 62912K, reserved 1105920K
  class space    used 6547K, committed 6976K, reserved 1048576K
}
Event: 11.904 GC heap after
{Heap after GC invocations=76 (full 4):
 PSYoungGen      total 6144K, used 352K [0x00000000eab00000, 0x00000000eb580000, 0x0000000100000000)
  eden space 5120K, 0% used [0x00000000eab00000,0x00000000eab00000,0x00000000eb000000)
  from space 1024K, 34% used [0x00000000eb400000,0x00000000eb458000,0x00000000eb500000)
  to   space 512K, 0% used [0x00000000eb500000,0x00000000eb500000,0x00000000eb580000)
 ParOldGen       total 85504K, used 71001K [0x00000000c0000000, 0x00000000c5380000, 0x00000000eab00000)
  object space 85504K, 83% used [0x00000000c0000000,0x00000000c4556430,0x00000000c5380000)
 Metaspace       used 61917K, committed 62912K, reserved 1105920K
  class space    used 6547K, committed 6976K, reserved 1048576K
}
Event: 11.968 GC heap before
{Heap before GC invocations=77 (full 5):
 PSYoungGen      total 6144K, used 5472K [0x00000000eab00000, 0x00000000eb580000, 0x0000000100000000)
  eden space 5120K, 100% used [0x00000000eab00000,0x00000000eb000000,0x00000000eb000000)
  from space 1024K, 34% used [0x00000000eb400000,0x00000000eb458000,0x00000000eb500000)
  to   space 512K, 0% used [0x00000000eb500000,0x00000000eb500000,0x00000000eb580000)
 ParOldGen       total 100864K, used 97811K [0x00000000c0000000, 0x00000000c6280000, 0x00000000eab00000)
  object space 100864K, 96% used [0x00000000c0000000,0x00000000c5f84d40,0x00000000c6280000)
 Metaspace       used 61918K, committed 62912K, reserved 1105920K
  class space    used 6547K, committed 6976K, reserved 1048576K
}
Event: 12.028 GC heap after
{Heap after GC invocations=77 (full 5):
 PSYoungGen      total 6144K, used 0K [0x00000000eab00000, 0x00000000eb580000, 0x0000000100000000)
  eden space 5632K, 0% used [0x00000000eab00000,0x00000000eab00000,0x00000000eb080000)
  from space 512K, 0% used [0x00000000eb500000,0x00000000eb500000,0x00000000eb580000)
  to   space 512K, 0% used [0x00000000eb480000,0x00000000eb480000,0x00000000eb500000)
 ParOldGen       total 125952K, used 81090K [0x00000000c0000000, 0x00000000c7b00000, 0x00000000eab00000)
  object space 125952K, 64% used [0x00000000c0000000,0x00000000c4f30be8,0x00000000c7b00000)
 Metaspace       used 61918K, committed 62912K, reserved 1105920K
  class space    used 6547K, committed 6976K, reserved 1048576K
}

